
10월 10, 2023 10:54:50.725 NEW SESSION
10월 10, 2023 10:54:50.725 INFO: Created TensorFlow Lite XNNPACK delegate for CPU.
10월 10, 2023 12:23:46.303 INFO: Created TensorFlow Lite XNNPACK delegate for CPU.
10월 10, 2023 12:25:15.575 INFO: Created TensorFlow Lite XNNPACK delegate for CPU.
10월 10, 2023 12:27:20.177 INFO: Created TensorFlow Lite XNNPACK delegate for CPU.
10월 10, 2023 14:12:57.961 INFO: Created TensorFlow Lite XNNPACK delegate for CPU.
10월 10, 2023 14:36:25.169 INFO: Created TensorFlow Lite XNNPACK delegate for CPU.

10월 10, 2023 15:13:44.367 NEW SESSION
10월 10, 2023 15:13:44.367 INFO: Created TensorFlow Lite XNNPACK delegate for CPU.
10월 10, 2023 15:52:54.621 INFO: Created TensorFlow Lite XNNPACK delegate for CPU.
10월 10, 2023 15:56:54.568 INFO: Created TensorFlow Lite XNNPACK delegate for CPU.
10월 10, 2023 17:11:57.448 INFO: Created TensorFlow Lite XNNPACK delegate for CPU.
10월 10, 2023 17:17:15.840 INFO: Created TensorFlow Lite XNNPACK delegate for CPU.

10월 11, 2023 09:16:03.683 NEW SESSION
10월 11, 2023 09:16:03.683 INFO: Created TensorFlow Lite XNNPACK delegate for CPU.
10월 11, 2023 09:41:10.951 INFO: Created TensorFlow Lite XNNPACK delegate for CPU.
10월 11, 2023 11:08:39.497 INFO: Created TensorFlow Lite XNNPACK delegate for CPU.
10월 11, 2023 11:58:14.694 INFO: Created TensorFlow Lite XNNPACK delegate for CPU.
10월 11, 2023 12:31:34.615 [6880:27216:1011/123134.615:ERROR:mcs_client.cc(750)] Received close command, resetting connection.
10월 11, 2023 12:38:58.222 INFO: Created TensorFlow Lite XNNPACK delegate for CPU.
10월 11, 2023 14:14:53.126 INFO: Created TensorFlow Lite XNNPACK delegate for CPU.
10월 11, 2023 14:15:24.705 INFO: Created TensorFlow Lite XNNPACK delegate for CPU.
10월 11, 2023 14:15:55.704 INFO: Created TensorFlow Lite XNNPACK delegate for CPU.
10월 11, 2023 14:17:28.812 INFO: Created TensorFlow Lite XNNPACK delegate for CPU.
10월 11, 2023 14:19:53.725 INFO: Created TensorFlow Lite XNNPACK delegate for CPU.

10월 11, 2023 14:50:12.532 NEW SESSION
10월 11, 2023 14:50:12.532 INFO: Created TensorFlow Lite XNNPACK delegate for CPU.

10월 12, 2023 09:31:53.763 NEW SESSION
10월 12, 2023 09:31:53.763 INFO: Created TensorFlow Lite XNNPACK delegate for CPU.
10월 12, 2023 09:34:29.128 INFO: Created TensorFlow Lite XNNPACK delegate for CPU.
10월 12, 2023 09:45:03.284 INFO: Created TensorFlow Lite XNNPACK delegate for CPU.
10월 12, 2023 09:54:14.611 INFO: Created TensorFlow Lite XNNPACK delegate for CPU.
10월 12, 2023 10:10:37.603 INFO: Created TensorFlow Lite XNNPACK delegate for CPU.
10월 12, 2023 10:16:15.784 [18728:23456:1012/101615.784:ERROR:connection_factory_impl.cc(471)] ConnectionHandler failed with net error: -2
10월 12, 2023 15:39:16.28 INFO: Created TensorFlow Lite XNNPACK delegate for CPU.
10월 12, 2023 15:42:09.73 INFO: Created TensorFlow Lite XNNPACK delegate for CPU.
10월 12, 2023 15:45:08.917 INFO: Created TensorFlow Lite XNNPACK delegate for CPU.
10월 12, 2023 15:46:33.117 INFO: Created TensorFlow Lite XNNPACK delegate for CPU.
10월 12, 2023 15:55:11.765 INFO: Created TensorFlow Lite XNNPACK delegate for CPU.
10월 12, 2023 16:27:04.406 INFO: Created TensorFlow Lite XNNPACK delegate for CPU.
10월 12, 2023 16:44:48.277 INFO: Created TensorFlow Lite XNNPACK delegate for CPU.

10월 13, 2023 09:43:56.610 NEW SESSION
10월 13, 2023 09:43:56.610 INFO: Created TensorFlow Lite XNNPACK delegate for CPU.
10월 13, 2023 12:36:52.601 INFO: Created TensorFlow Lite XNNPACK delegate for CPU.
10월 13, 2023 13:09:49.674 INFO: Created TensorFlow Lite XNNPACK delegate for CPU.
10월 13, 2023 14:51:33.706 INFO: Created TensorFlow Lite XNNPACK delegate for CPU.

10월 16, 2023 10:37:42.794 NEW SESSION
10월 16, 2023 10:37:42.794 INFO: Created TensorFlow Lite XNNPACK delegate for CPU.
10월 16, 2023 10:40:16.101 INFO: Created TensorFlow Lite XNNPACK delegate for CPU.
10월 16, 2023 10:41:16.695 INFO: Created TensorFlow Lite XNNPACK delegate for CPU.
10월 16, 2023 10:47:33.110 [9076:2732:1016/104733.110:ERROR:connection_factory_impl.cc(471)] ConnectionHandler failed with net error: -2
10월 16, 2023 10:47:35.142 [9076:2732:1016/104735.142:ERROR:connection_factory_impl.cc(428)] Failed to connect to MCS endpoint with error -106
10월 16, 2023 10:47:35.654 [9076:2732:1016/104735.653:ERROR:connection_factory_impl.cc(428)] Failed to connect to MCS endpoint with error -106
10월 16, 2023 10:47:42.565 [9076:11088:1016/104742.565:ERROR:device_event_log_impl.cc(225)] [10:47:42.562] USB: usb_service_win.cc:104 SetupDiGetDeviceProperty({{A45C254E-DF1C-4EFD-8020-67D146A850E0}, 6}) failed: 요소가 없습니다. (0x490)
10월 16, 2023 10:47:42.592 [9076:11088:1016/104742.592:ERROR:device_event_log_impl.cc(225)] [10:47:42.580] USB: usb_service_win.cc:307 SetupDiEnumDeviceInterfaces: 사용 가능한 데이터가 없습니다. (0x103)
10월 16, 2023 10:48:29.197 [9076:2732:1016/104829.197:ERROR:connection_factory_impl.cc(428)] Failed to connect to MCS endpoint with error -106
10월 16, 2023 11:54:39.615 [9076:11088:1016/115439.613:ERROR:device_event_log_impl.cc(225)] [11:54:39.560] USB: usb_service_win.cc:104 SetupDiGetDeviceProperty({{A45C254E-DF1C-4EFD-8020-67D146A850E0}, 6}) failed: 요소가 없습니다. (0x490)
10월 16, 2023 11:55:25.93 [9076:2732:1016/115525.093:ERROR:connection_factory_impl.cc(471)] ConnectionHandler failed with net error: -2
10월 16, 2023 14:37:54.768 INFO: Created TensorFlow Lite XNNPACK delegate for CPU.
10월 16, 2023 14:41:39.120 INFO: Created TensorFlow Lite XNNPACK delegate for CPU.
10월 16, 2023 15:12:30.894 INFO: Created TensorFlow Lite XNNPACK delegate for CPU.
10월 16, 2023 15:12:45.534 INFO: Created TensorFlow Lite XNNPACK delegate for CPU.
10월 16, 2023 16:16:48.451 INFO: Created TensorFlow Lite XNNPACK delegate for CPU.
10월 16, 2023 16:35:29.421 INFO: Created TensorFlow Lite XNNPACK delegate for CPU.
10월 16, 2023 16:35:39.244 [13720:8364:1016/163539.243:ERROR:get_updates_processor.cc(261)] PostClientToServerMessage() failed during GetUpdates with error 2
10월 16, 2023 16:36:49.984 INFO: Created TensorFlow Lite XNNPACK delegate for CPU.
10월 16, 2023 17:13:53.88 INFO: Created TensorFlow Lite XNNPACK delegate for CPU.
